INFO - 2022-02-18 01:50:54 --> Session: Class initialized using 'CodeIgniter\Session\Handlers\FileHandler' driver.
INFO - 2022-02-18 01:50:57 --> Session: Class initialized using 'CodeIgniter\Session\Handlers\FileHandler' driver.
DEBUG - 2022-02-18 01:51:13 --> Save new recipe
DEBUG - 2022-02-18 01:51:13 --> Recipe: App\Entities\Recipe Object
(
    [ingredients] => Array
        (
        )

    [datamap:protected] => Array
        (
        )

    [dates:protected] => Array
        (
            [0] => created_at
            [1] => updated_at
            [2] => deleted_at
        )

    [casts:protected] => Array
        (
        )

    [castHandlers:protected] => Array
        (
        )

    [defaultCastHandlers:CodeIgniter\Entity\Entity:private] => Array
        (
            [array] => CodeIgniter\Entity\Cast\ArrayCast
            [bool] => CodeIgniter\Entity\Cast\BooleanCast
            [boolean] => CodeIgniter\Entity\Cast\BooleanCast
            [csv] => CodeIgniter\Entity\Cast\CSVCast
            [datetime] => CodeIgniter\Entity\Cast\DatetimeCast
            [double] => CodeIgniter\Entity\Cast\FloatCast
            [float] => CodeIgniter\Entity\Cast\FloatCast
            [int] => CodeIgniter\Entity\Cast\IntegerCast
            [integer] => CodeIgniter\Entity\Cast\IntegerCast
            [json] => CodeIgniter\Entity\Cast\JsonCast
            [object] => CodeIgniter\Entity\Cast\ObjectCast
            [string] => CodeIgniter\Entity\Cast\StringCast
            [timestamp] => CodeIgniter\Entity\Cast\TimestampCast
            [uri] => CodeIgniter\Entity\Cast\URICast
        )

    [attributes:protected] => Array
        (
            [title] => new rec 1
            [slug] => new-rec-1
            [instructions] => yes
        )

    [original:protected] => Array
        (
        )

    [_cast:CodeIgniter\Entity\Entity:private] => 1
)

DEBUG - 2022-02-18 01:51:13 --> New recipe id 506
DEBUG - 2022-02-18 01:51:13 --> Data Ingredient: Array
(
    [quantity] => 60 oz
    [name] => water
    [recipe_id] => 506
)

DEBUG - 2022-02-18 01:51:13 --> Ingredient: App\Entities\Ingredient Object
(
    [datamap:protected] => Array
        (
        )

    [dates:protected] => Array
        (
            [0] => created_at
            [1] => updated_at
            [2] => deleted_at
        )

    [casts:protected] => Array
        (
        )

    [castHandlers:protected] => Array
        (
        )

    [defaultCastHandlers:CodeIgniter\Entity\Entity:private] => Array
        (
            [array] => CodeIgniter\Entity\Cast\ArrayCast
            [bool] => CodeIgniter\Entity\Cast\BooleanCast
            [boolean] => CodeIgniter\Entity\Cast\BooleanCast
            [csv] => CodeIgniter\Entity\Cast\CSVCast
            [datetime] => CodeIgniter\Entity\Cast\DatetimeCast
            [double] => CodeIgniter\Entity\Cast\FloatCast
            [float] => CodeIgniter\Entity\Cast\FloatCast
            [int] => CodeIgniter\Entity\Cast\IntegerCast
            [integer] => CodeIgniter\Entity\Cast\IntegerCast
            [json] => CodeIgniter\Entity\Cast\JsonCast
            [object] => CodeIgniter\Entity\Cast\ObjectCast
            [string] => CodeIgniter\Entity\Cast\StringCast
            [timestamp] => CodeIgniter\Entity\Cast\TimestampCast
            [uri] => CodeIgniter\Entity\Cast\URICast
        )

    [attributes:protected] => Array
        (
            [quantity] => 60 oz
            [name] => water
            [recipe_id] => 506
        )

    [original:protected] => Array
        (
        )

    [_cast:CodeIgniter\Entity\Entity:private] => 1
)

INFO - 2022-02-18 01:51:13 --> Session: Class initialized using 'CodeIgniter\Session\Handlers\FileHandler' driver.
INFO - 2022-02-18 01:51:13 --> Session: Class initialized using 'CodeIgniter\Session\Handlers\FileHandler' driver.
INFO - 2022-02-18 01:51:20 --> Session: Class initialized using 'CodeIgniter\Session\Handlers\FileHandler' driver.
INFO - 2022-02-18 01:51:23 --> Session: Class initialized using 'CodeIgniter\Session\Handlers\FileHandler' driver.
DEBUG - 2022-02-18 01:56:08 --> Save recipe id 506
DEBUG - 2022-02-18 01:56:08 --> Recipe: App\Entities\Recipe Object
(
    [ingredients] => Array
        (
        )

    [datamap:protected] => Array
        (
        )

    [dates:protected] => Array
        (
            [0] => created_at
            [1] => updated_at
            [2] => deleted_at
        )

    [casts:protected] => Array
        (
        )

    [castHandlers:protected] => Array
        (
        )

    [defaultCastHandlers:CodeIgniter\Entity\Entity:private] => Array
        (
            [array] => CodeIgniter\Entity\Cast\ArrayCast
            [bool] => CodeIgniter\Entity\Cast\BooleanCast
            [boolean] => CodeIgniter\Entity\Cast\BooleanCast
            [csv] => CodeIgniter\Entity\Cast\CSVCast
            [datetime] => CodeIgniter\Entity\Cast\DatetimeCast
            [double] => CodeIgniter\Entity\Cast\FloatCast
            [float] => CodeIgniter\Entity\Cast\FloatCast
            [int] => CodeIgniter\Entity\Cast\IntegerCast
            [integer] => CodeIgniter\Entity\Cast\IntegerCast
            [json] => CodeIgniter\Entity\Cast\JsonCast
            [object] => CodeIgniter\Entity\Cast\ObjectCast
            [string] => CodeIgniter\Entity\Cast\StringCast
            [timestamp] => CodeIgniter\Entity\Cast\TimestampCast
            [uri] => CodeIgniter\Entity\Cast\URICast
        )

    [attributes:protected] => Array
        (
            [id] => 506
            [title] => new rec 1
            [instructions] => yes
            [slug] => new-rec-1
        )

    [original:protected] => Array
        (
            [id] => 506
            [title] => new rec 1
            [instructions] => yes
            [slug] => new-rec-1
        )

    [_cast:CodeIgniter\Entity\Entity:private] => 1
)

DEBUG - 2022-02-18 01:56:08 --> Data Ingredient: Array
(
    [quantity] => 60 oz
    [name] => water
    [recipe_id] => 506
)

DEBUG - 2022-02-18 01:56:08 --> Ingredient: App\Entities\Ingredient Object
(
    [datamap:protected] => Array
        (
        )

    [dates:protected] => Array
        (
            [0] => created_at
            [1] => updated_at
            [2] => deleted_at
        )

    [casts:protected] => Array
        (
        )

    [castHandlers:protected] => Array
        (
        )

    [defaultCastHandlers:CodeIgniter\Entity\Entity:private] => Array
        (
            [array] => CodeIgniter\Entity\Cast\ArrayCast
            [bool] => CodeIgniter\Entity\Cast\BooleanCast
            [boolean] => CodeIgniter\Entity\Cast\BooleanCast
            [csv] => CodeIgniter\Entity\Cast\CSVCast
            [datetime] => CodeIgniter\Entity\Cast\DatetimeCast
            [double] => CodeIgniter\Entity\Cast\FloatCast
            [float] => CodeIgniter\Entity\Cast\FloatCast
            [int] => CodeIgniter\Entity\Cast\IntegerCast
            [integer] => CodeIgniter\Entity\Cast\IntegerCast
            [json] => CodeIgniter\Entity\Cast\JsonCast
            [object] => CodeIgniter\Entity\Cast\ObjectCast
            [string] => CodeIgniter\Entity\Cast\StringCast
            [timestamp] => CodeIgniter\Entity\Cast\TimestampCast
            [uri] => CodeIgniter\Entity\Cast\URICast
        )

    [attributes:protected] => Array
        (
            [quantity] => 60 oz
            [name] => water
            [recipe_id] => 506
        )

    [original:protected] => Array
        (
        )

    [_cast:CodeIgniter\Entity\Entity:private] => 1
)

INFO - 2022-02-18 01:56:08 --> Session: Class initialized using 'CodeIgniter\Session\Handlers\FileHandler' driver.
INFO - 2022-02-18 01:56:08 --> Session: Class initialized using 'CodeIgniter\Session\Handlers\FileHandler' driver.
INFO - 2022-02-18 01:56:13 --> Session: Class initialized using 'CodeIgniter\Session\Handlers\FileHandler' driver.
INFO - 2022-02-18 01:56:20 --> Session: Class initialized using 'CodeIgniter\Session\Handlers\FileHandler' driver.
INFO - 2022-02-18 23:21:06 --> Session: Class initialized using 'CodeIgniter\Session\Handlers\FileHandler' driver.
INFO - 2022-02-18 23:22:26 --> Session: Class initialized using 'CodeIgniter\Session\Handlers\FileHandler' driver.
INFO - 2022-02-18 23:22:27 --> Session: Class initialized using 'CodeIgniter\Session\Handlers\FileHandler' driver.
INFO - 2022-02-18 23:22:28 --> Session: Class initialized using 'CodeIgniter\Session\Handlers\FileHandler' driver.
INFO - 2022-02-18 23:22:29 --> Session: Class initialized using 'CodeIgniter\Session\Handlers\FileHandler' driver.
INFO - 2022-02-18 23:22:29 --> Session: Class initialized using 'CodeIgniter\Session\Handlers\FileHandler' driver.
INFO - 2022-02-18 23:22:30 --> Session: Class initialized using 'CodeIgniter\Session\Handlers\FileHandler' driver.
INFO - 2022-02-18 23:22:37 --> Session: Class initialized using 'CodeIgniter\Session\Handlers\FileHandler' driver.
INFO - 2022-02-18 23:22:45 --> Session: Class initialized using 'CodeIgniter\Session\Handlers\FileHandler' driver.
INFO - 2022-02-18 23:23:01 --> Session: Class initialized using 'CodeIgniter\Session\Handlers\FileHandler' driver.
DEBUG - 2022-02-18 23:23:07 --> Save recipe id 1
DEBUG - 2022-02-18 23:23:07 --> Recipe: App\Entities\Recipe Object
(
    [ingredients] => Array
        (
        )

    [datamap:protected] => Array
        (
        )

    [dates:protected] => Array
        (
            [0] => created_at
            [1] => updated_at
            [2] => deleted_at
        )

    [casts:protected] => Array
        (
        )

    [castHandlers:protected] => Array
        (
        )

    [defaultCastHandlers:CodeIgniter\Entity\Entity:private] => Array
        (
            [array] => CodeIgniter\Entity\Cast\ArrayCast
            [bool] => CodeIgniter\Entity\Cast\BooleanCast
            [boolean] => CodeIgniter\Entity\Cast\BooleanCast
            [csv] => CodeIgniter\Entity\Cast\CSVCast
            [datetime] => CodeIgniter\Entity\Cast\DatetimeCast
            [double] => CodeIgniter\Entity\Cast\FloatCast
            [float] => CodeIgniter\Entity\Cast\FloatCast
            [int] => CodeIgniter\Entity\Cast\IntegerCast
            [integer] => CodeIgniter\Entity\Cast\IntegerCast
            [json] => CodeIgniter\Entity\Cast\JsonCast
            [object] => CodeIgniter\Entity\Cast\ObjectCast
            [string] => CodeIgniter\Entity\Cast\StringCast
            [timestamp] => CodeIgniter\Entity\Cast\TimestampCast
            [uri] => CodeIgniter\Entity\Cast\URICast
        )

    [attributes:protected] => Array
        (
            [id] => 1
            [title] => Boiling Water
            [instructions] => Put the water in a cauldron and boil.
            [slug] => boiling-water
        )

    [original:protected] => Array
        (
            [id] => 1
            [title] => Boiling Water
            [instructions] => Put the water in a cauldron and boil.
            [slug] => boiling-water
        )

    [_cast:CodeIgniter\Entity\Entity:private] => 1
)

DEBUG - 2022-02-18 23:23:07 --> Data Ingredient: Array
(
    [quantity] => 25 ml
    [name] => Fresh water
    [recipe_id] => 1
)

DEBUG - 2022-02-18 23:23:07 --> Ingredient: App\Entities\Ingredient Object
(
    [datamap:protected] => Array
        (
        )

    [dates:protected] => Array
        (
            [0] => created_at
            [1] => updated_at
            [2] => deleted_at
        )

    [casts:protected] => Array
        (
        )

    [castHandlers:protected] => Array
        (
        )

    [defaultCastHandlers:CodeIgniter\Entity\Entity:private] => Array
        (
            [array] => CodeIgniter\Entity\Cast\ArrayCast
            [bool] => CodeIgniter\Entity\Cast\BooleanCast
            [boolean] => CodeIgniter\Entity\Cast\BooleanCast
            [csv] => CodeIgniter\Entity\Cast\CSVCast
            [datetime] => CodeIgniter\Entity\Cast\DatetimeCast
            [double] => CodeIgniter\Entity\Cast\FloatCast
            [float] => CodeIgniter\Entity\Cast\FloatCast
            [int] => CodeIgniter\Entity\Cast\IntegerCast
            [integer] => CodeIgniter\Entity\Cast\IntegerCast
            [json] => CodeIgniter\Entity\Cast\JsonCast
            [object] => CodeIgniter\Entity\Cast\ObjectCast
            [string] => CodeIgniter\Entity\Cast\StringCast
            [timestamp] => CodeIgniter\Entity\Cast\TimestampCast
            [uri] => CodeIgniter\Entity\Cast\URICast
        )

    [attributes:protected] => Array
        (
            [quantity] => 25 ml
            [name] => Fresh water
            [recipe_id] => 1
        )

    [original:protected] => Array
        (
        )

    [_cast:CodeIgniter\Entity\Entity:private] => 1
)

INFO - 2022-02-18 23:23:07 --> Session: Class initialized using 'CodeIgniter\Session\Handlers\FileHandler' driver.
INFO - 2022-02-18 23:23:07 --> Session: Class initialized using 'CodeIgniter\Session\Handlers\FileHandler' driver.
DEBUG - 2022-02-18 23:23:13 --> 1 recipe deleted
INFO - 2022-02-18 23:23:13 --> Session: Class initialized using 'CodeIgniter\Session\Handlers\FileHandler' driver.
INFO - 2022-02-18 23:23:13 --> Session: Class initialized using 'CodeIgniter\Session\Handlers\FileHandler' driver.
INFO - 2022-02-18 23:23:15 --> Session: Class initialized using 'CodeIgniter\Session\Handlers\FileHandler' driver.
INFO - 2022-02-18 23:23:19 --> Session: Class initialized using 'CodeIgniter\Session\Handlers\FileHandler' driver.
INFO - 2022-02-18 23:23:21 --> Session: Class initialized using 'CodeIgniter\Session\Handlers\FileHandler' driver.
DEBUG - 2022-02-18 23:23:43 --> Save new recipe
DEBUG - 2022-02-18 23:23:43 --> Recipe: App\Entities\Recipe Object
(
    [ingredients] => Array
        (
        )

    [datamap:protected] => Array
        (
        )

    [dates:protected] => Array
        (
            [0] => created_at
            [1] => updated_at
            [2] => deleted_at
        )

    [casts:protected] => Array
        (
        )

    [castHandlers:protected] => Array
        (
        )

    [defaultCastHandlers:CodeIgniter\Entity\Entity:private] => Array
        (
            [array] => CodeIgniter\Entity\Cast\ArrayCast
            [bool] => CodeIgniter\Entity\Cast\BooleanCast
            [boolean] => CodeIgniter\Entity\Cast\BooleanCast
            [csv] => CodeIgniter\Entity\Cast\CSVCast
            [datetime] => CodeIgniter\Entity\Cast\DatetimeCast
            [double] => CodeIgniter\Entity\Cast\FloatCast
            [float] => CodeIgniter\Entity\Cast\FloatCast
            [int] => CodeIgniter\Entity\Cast\IntegerCast
            [integer] => CodeIgniter\Entity\Cast\IntegerCast
            [json] => CodeIgniter\Entity\Cast\JsonCast
            [object] => CodeIgniter\Entity\Cast\ObjectCast
            [string] => CodeIgniter\Entity\Cast\StringCast
            [timestamp] => CodeIgniter\Entity\Cast\TimestampCast
            [uri] => CodeIgniter\Entity\Cast\URICast
        )

    [attributes:protected] => Array
        (
            [title] => Macaroni
            [slug] => macaroni
            [instructions] => eat macaroni
        )

    [original:protected] => Array
        (
        )

    [_cast:CodeIgniter\Entity\Entity:private] => 1
)

DEBUG - 2022-02-18 23:23:43 --> New recipe id 507
DEBUG - 2022-02-18 23:23:43 --> Data Ingredient: Array
(
    [quantity] => 5 tbs 
    [name] => Macaroni
    [recipe_id] => 507
)

DEBUG - 2022-02-18 23:23:43 --> Ingredient: App\Entities\Ingredient Object
(
    [datamap:protected] => Array
        (
        )

    [dates:protected] => Array
        (
            [0] => created_at
            [1] => updated_at
            [2] => deleted_at
        )

    [casts:protected] => Array
        (
        )

    [castHandlers:protected] => Array
        (
        )

    [defaultCastHandlers:CodeIgniter\Entity\Entity:private] => Array
        (
            [array] => CodeIgniter\Entity\Cast\ArrayCast
            [bool] => CodeIgniter\Entity\Cast\BooleanCast
            [boolean] => CodeIgniter\Entity\Cast\BooleanCast
            [csv] => CodeIgniter\Entity\Cast\CSVCast
            [datetime] => CodeIgniter\Entity\Cast\DatetimeCast
            [double] => CodeIgniter\Entity\Cast\FloatCast
            [float] => CodeIgniter\Entity\Cast\FloatCast
            [int] => CodeIgniter\Entity\Cast\IntegerCast
            [integer] => CodeIgniter\Entity\Cast\IntegerCast
            [json] => CodeIgniter\Entity\Cast\JsonCast
            [object] => CodeIgniter\Entity\Cast\ObjectCast
            [string] => CodeIgniter\Entity\Cast\StringCast
            [timestamp] => CodeIgniter\Entity\Cast\TimestampCast
            [uri] => CodeIgniter\Entity\Cast\URICast
        )

    [attributes:protected] => Array
        (
            [quantity] => 5 tbs 
            [name] => Macaroni
            [recipe_id] => 507
        )

    [original:protected] => Array
        (
        )

    [_cast:CodeIgniter\Entity\Entity:private] => 1
)

INFO - 2022-02-18 23:23:43 --> Session: Class initialized using 'CodeIgniter\Session\Handlers\FileHandler' driver.
INFO - 2022-02-18 23:23:43 --> Session: Class initialized using 'CodeIgniter\Session\Handlers\FileHandler' driver.
INFO - 2022-02-18 23:23:47 --> Session: Class initialized using 'CodeIgniter\Session\Handlers\FileHandler' driver.
